cl : command line warning D9002: ignoring unknown option '/FP:strict'
  MyPinTool.cpp
C:\Users\lucas\source\repos\pin-3.21-98484-ge7cd811fd-msvc-windows\pin-3.21-98484-ge7cd811fd-msvc-windows\source\include\pin\gen\pinsync.hpp(105,1): warning C5208: unnamed class used in typedef name cannot declare members other than non-static data members, member enumerations, or member classes
C:\Users\lucas\source\repos\pin-3.21-98484-ge7cd811fd-msvc-windows\pin-3.21-98484-ge7cd811fd-msvc-windows\source\include\pin\gen\pinsync.hpp(238,1): warning C5208: unnamed class used in typedef name cannot declare members other than non-static data members, member enumerations, or member classes
C:\Users\lucas\source\repos\pin-3.21-98484-ge7cd811fd-msvc-windows\pin-3.21-98484-ge7cd811fd-msvc-windows\source\include\pin\gen\pinsync.hpp(842,1): warning C5208: unnamed class used in typedef name cannot declare members other than non-static data members, member enumerations, or member classes
     Creating library C:\Users\lucas\source\repos\pin-3.21-98484-ge7cd811fd-msvc-windows\pin-3.21-98484-ge7cd811fd-msvc-windows\source\tools\PinToolTracer\x64\Debug\MyPinTool.lib and object C:\Users\lucas\source\repos\pin-3.21-98484-ge7cd811fd-msvc-windows\pin-3.21-98484-ge7cd811fd-msvc-windows\source\tools\PinToolTracer\x64\Debug\MyPinTool.exp
LINK : warning LNK4281: undesirable base address 0xC5000000 for x64 image; set base address above 4GB for best ASLR optimization
crtbeginS.obj : warning LNK4210: .CRT section exists; there may be unhandled static initializers or terminators
MyPinTool.obj : warning LNK4210: .CRT section exists; there may be unhandled static initializers or terminators
pin.lib(ms_dllcrt.obj) : warning LNK4210: .CRT section exists; there may be unhandled static initializers or terminators
pin.lib(message.obj) : warning LNK4210: .CRT section exists; there may be unhandled static initializers or terminators
pin.lib(util.obj) : warning LNK4210: .CRT section exists; there may be unhandled static initializers or terminators
pin.lib(knob.obj) : warning LNK4210: .CRT section exists; there may be unhandled static initializers or terminators
pin.lib(bbl.obj) : warning LNK4210: .CRT section exists; there may be unhandled static initializers or terminators
pin.lib(pin_client.obj) : warning LNK4210: .CRT section exists; there may be unhandled static initializers or terminators
pin.lib(thread_client.obj) : warning LNK4210: .CRT section exists; there may be unhandled static initializers or terminators
pin.lib(image.obj) : warning LNK4210: .CRT section exists; there may be unhandled static initializers or terminators
pin.lib(symbol_win.obj) : warning LNK4210: .CRT section exists; there may be unhandled static initializers or terminators
pin.lib(util_windows.obj) : warning LNK4210: .CRT section exists; there may be unhandled static initializers or terminators
pin.lib(version.obj) : warning LNK4210: .CRT section exists; there may be unhandled static initializers or terminators
pin.lib(sysfuncs_windows.obj) : warning LNK4210: .CRT section exists; there may be unhandled static initializers or terminators
pin.lib(stat.obj) : warning LNK4210: .CRT section exists; there may be unhandled static initializers or terminators
pin.lib(bigarray.obj) : warning LNK4210: .CRT section exists; there may be unhandled static initializers or terminators
pin.lib(ext.obj) : warning LNK4210: .CRT section exists; there may be unhandled static initializers or terminators
pin.lib(sym.obj) : warning LNK4210: .CRT section exists; there may be unhandled static initializers or terminators
pin.lib(edg.obj) : warning LNK4210: .CRT section exists; there may be unhandled static initializers or terminators
pin.lib(chunk.obj) : warning LNK4210: .CRT section exists; there may be unhandled static initializers or terminators
pin.lib(rel.obj) : warning LNK4210: .CRT section exists; there may be unhandled static initializers or terminators
pin.lib(ins.obj) : warning LNK4210: .CRT section exists; there may be unhandled static initializers or terminators
pin.lib(cfg.obj) : warning LNK4210: .CRT section exists; there may be unhandled static initializers or terminators
pin.lib(ins_ia32.obj) : warning LNK4210: .CRT section exists; there may be unhandled static initializers or terminators
pin.lib(ins_map_ia32.obj) : warning LNK4210: .CRT section exists; there may be unhandled static initializers or terminators
pin.lib(ins_api_xed_ia32.obj) : warning LNK4210: .CRT section exists; there may be unhandled static initializers or terminators
pin.lib(sec.obj) : warning LNK4210: .CRT section exists; there may be unhandled static initializers or terminators
pin.lib(rtn.obj) : warning LNK4210: .CRT section exists; there may be unhandled static initializers or terminators
pin.lib(parser.obj) : warning LNK4210: .CRT section exists; there may be unhandled static initializers or terminators
pin.lib(reg_ia32.obj) : warning LNK4210: .CRT section exists; there may be unhandled static initializers or terminators
pin.lib(base_ia32.obj) : warning LNK4210: .CRT section exists; there may be unhandled static initializers or terminators
pin.lib(exception.obj) : warning LNK4210: .CRT section exists; there may be unhandled static initializers or terminators
pin.lib(stripe.obj) : warning LNK4210: .CRT section exists; there may be unhandled static initializers or terminators
pin.lib(ins_xed_ia32.obj) : warning LNK4210: .CRT section exists; there may be unhandled static initializers or terminators
pin.lib(calling_standard_ia32e.obj) : warning LNK4210: .CRT section exists; there may be unhandled static initializers or terminators
pin.lib(operand_ia32.obj) : warning LNK4210: .CRT section exists; there may be unhandled static initializers or terminators
pin.lib(vmtool.obj) : warning LNK4210: .CRT section exists; there may be unhandled static initializers or terminators
pin.lib(debugger_client.obj) : warning LNK4210: .CRT section exists; there may be unhandled static initializers or terminators
pin.lib(opin_client.obj) : warning LNK4210: .CRT section exists; there may be unhandled static initializers or terminators
pin.lib(tls_client.obj) : warning LNK4210: .CRT section exists; there may be unhandled static initializers or terminators
pin.lib(child_process_client.obj) : warning LNK4210: .CRT section exists; there may be unhandled static initializers or terminators
pin.lib(internal_exception_client.obj) : warning LNK4210: .CRT section exists; there may be unhandled static initializers or terminators
pin.lib(pin_jit.obj) : warning LNK4210: .CRT section exists; there may be unhandled static initializers or terminators
pin.lib(image_win.obj) : warning LNK4210: .CRT section exists; there may be unhandled static initializers or terminators
pin.lib(aoti.obj) : warning LNK4210: .CRT section exists; there may be unhandled static initializers or terminators
pin.lib(complexlock.obj) : warning LNK4210: .CRT section exists; there may be unhandled static initializers or terminators
pin.lib(app.obj) : warning LNK4210: .CRT section exists; there may be unhandled static initializers or terminators
pin.lib(img.obj) : warning LNK4210: .CRT section exists; there may be unhandled static initializers or terminators
pin.lib(symbol_elf.obj) : warning LNK4210: .CRT section exists; there may be unhandled static initializers or terminators
pin.lib(sm_dbginfo.obj) : warning LNK4210: .CRT section exists; there may be unhandled static initializers or terminators
pin.lib(sm_ipc.obj) : warning LNK4210: .CRT section exists; there may be unhandled static initializers or terminators
pin.lib(sm_client.obj) : warning LNK4210: .CRT section exists; there may be unhandled static initializers or terminators
pin.lib(util_unicode_windows.obj) : warning LNK4210: .CRT section exists; there may be unhandled static initializers or terminators
pin.lib(tool_mmap.obj) : warning LNK4210: .CRT section exists; there may be unhandled static initializers or terminators
pin.lib(val.obj) : warning LNK4210: .CRT section exists; there may be unhandled static initializers or terminators
pin.lib(comment.obj) : warning LNK4210: .CRT section exists; there may be unhandled static initializers or terminators
pin.lib(elf_windows.obj) : warning LNK4210: .CRT section exists; there may be unhandled static initializers or terminators
pin.lib(cfg_ia32.obj) : warning LNK4210: .CRT section exists; there may be unhandled static initializers or terminators
pin.lib(ins_inits_api_xed_ia32.obj) : warning LNK4210: .CRT section exists; there may be unhandled static initializers or terminators
pin.lib(reg_partial_ia32.obj) : warning LNK4210: .CRT section exists; there may be unhandled static initializers or terminators
pin.lib(ins_syscall_ia32_windows.obj) : warning LNK4210: .CRT section exists; there may be unhandled static initializers or terminators
pin.lib(cpu_info_ia32.obj) : warning LNK4210: .CRT section exists; there may be unhandled static initializers or terminators
pin.lib(flags_ia32.obj) : warning LNK4210: .CRT section exists; there may be unhandled static initializers or terminators
pin.lib(regset_ia32.obj) : warning LNK4210: .CRT section exists; there may be unhandled static initializers or terminators
pin.lib(child_process.obj) : warning LNK4210: .CRT section exists; there may be unhandled static initializers or terminators
pin.lib(elf_parser.obj) : warning LNK4210: .CRT section exists; there may be unhandled static initializers or terminators
pin.lib(follow_child_win_probe.obj) : warning LNK4210: .CRT section exists; there may be unhandled static initializers or terminators
pin.lib(dll_load_win_probe.obj) : warning LNK4210: .CRT section exists; there may be unhandled static initializers or terminators
pin.lib(modules_win.obj) : warning LNK4210: .CRT section exists; there may be unhandled static initializers or terminators
pin.lib(reg.obj) : warning LNK4210: .CRT section exists; there may be unhandled static initializers or terminators
pin.lib(ins_reuse_ia32.obj) : warning LNK4210: .CRT section exists; there may be unhandled static initializers or terminators
crtbeginS.obj : warning LNK4210: .CRT section exists; there may be unhandled static initializers or terminators
  MyPinTool.vcxproj -> C:\Users\lucas\source\repos\pin-3.21-98484-ge7cd811fd-msvc-windows\pin-3.21-98484-ge7cd811fd-msvc-windows\source\tools\PinToolTracer\x64\Debug\MyPinTool.dll
